$Version1
00000000 0 0 0 0 0 Date:  08/21/2014  Time:  06:22:09 PM
00000000 0 0 0 0 0 Compile...
00000000 0 0 0 0 0 COB2-CORDNT_040112_LATST\SIMATIC 300(1)\CPU 315-2 DP\...\Blocks
00000000 0 0 0 0 0 Start Compilation...
10000000 0 0 0 0 0   FC21  [LAD]
$OD: 116102 1b 116001 1 112001 4a
$ENDOD
10000000 0 0 0 0 0   FC23  [FBD]
$OD: 116102 1c 116001 1 112001 4a
$ENDOD
10000000 0 0 0 0 0   FC40  [LAD]
$OD: 116102 24 116001 1 112001 4a
$ENDOD
10000000 0 0 0 0 0   FC25  [LAD]
$OD: 116102 1e 116001 1 112001 4a
$ENDOD
$ENDOD
00000000 0 0 0 0 0 0 Error(s), 0 Warning(s)
00000000 0 0 0 0 0 
